<?xml version='1.0' encoding='UTF-8'?>
<testsuite hostname="0d89afa341b2" name="todo.TodoSuite" tests="14" errors="0" failures="0" skipped="0" time="3.148" timestamp="2023-06-23T18:18:07">
          <properties>
      <property name="java.specification.version" value="17"/><property name="sun.jnu.encoding" value="UTF-8"/><property name="sun.arch.data.model" value="64"/><property name="java.vendor.url" value="https://adoptium.net/"/><property name="sun.boot.library.path" value="/usr/local/sdkman/candidates/java/17.0.7-tem/lib"/><property name="sun.java.command" value="/usr/local/sdkman/candidates/sbt/1.9.0/bin/sbt-launch.jar test"/><property name="jdk.debug" value="release"/><property name="sun.stderr.encoding" value="UTF-8"/><property name="java.specification.vendor" value="Oracle Corporation"/><property name="java.version.date" value="2023-04-18"/><property name="java.home" value="/usr/local/sdkman/candidates/java/17.0.7-tem"/><property name="file.separator" value="/"/><property name="java.vm.compressedOopsMode" value="32-bit"/><property name="line.separator" value="
"/><property name="sun.stdout.encoding" value="UTF-8"/><property name="java.vm.specification.vendor" value="Oracle Corporation"/><property name="java.specification.name" value="Java Platform API Specification"/><property name="sun.management.compiler" value="HotSpot 64-Bit Tiered Compilers"/><property name="java.runtime.version" value="17.0.7+7"/><property name="user.name" value="vscode"/><property name="log4j.ignoreTCL" value="true"/><property name="file.encoding" value="UTF-8"/><property name="jnidispatch.path" value="/home/vscode/.cache/JNA/temp/jna4295245387028601870.tmp"/><property name="java.vendor.version" value="Temurin-17.0.7+7"/><property name="jna.loaded" value="true"/><property name="java.io.tmpdir" value="/tmp"/><property name="java.version" value="17.0.7"/><property name="java.vm.specification.name" value="Java Virtual Machine Specification"/><property name="native.encoding" value="UTF-8"/><property name="java.library.path" value="/usr/java/packages/lib:/usr/lib64:/lib64:/lib:/usr/lib"/><property name="java.vendor" value="Eclipse Adoptium"/><property name="scala.ext.dirs" value="/home/vscode/.sbt/1.0/java9-rt-ext-eclipse_adoptium_17_0_7"/><property name="sun.io.unicode.encoding" value="UnicodeLittle"/><property name="java.class.path" value="/usr/local/sdkman/candidates/sbt/1.9.0/bin/sbt-launch.jar"/><property name="java.vm.vendor" value="Eclipse Adoptium"/><property name="jline.shutdownhook" value="false"/><property name="user.timezone" value="Etc/UTC"/><property name="java.vm.specification.version" value="17"/><property name="os.name" value="Linux"/><property name="sun.java.launcher" value="SUN_STANDARD"/><property name="user.country" value="US"/><property name="sun.cpu.endian" value="little"/><property name="user.home" value="/home/vscode"/><property name="user.language" value="en"/><property name="sbt.script" value="/usr/local/sdkman/candidates/sbt/current/bin/sbt"/><property name="sbt.ipcsocket.tmpdir" value="/tmp/.sbt64751075/ipcsocket"/><property name="swoval.tmpdir" value="/tmp/.sbt64751075/swoval"/><property name="jline.esc.timeout" value="0"/><property name="path.separator" value=":"/><property name="os.version" value="5.4.72-microsoft-standard-WSL2"/><property name="jna.nosys" value="true"/><property name="java.runtime.name" value="OpenJDK Runtime Environment"/><property name="java.vm.name" value="OpenJDK 64-Bit Server VM"/><property name="jna.platform.library.path" value="/usr/lib/x86_64-linux-gnu:/lib/x86_64-linux-gnu:/lib64:/usr/lib:/lib"/><property name="java.vendor.url.bug" value="https://github.com/adoptium/adoptium-support/issues"/><property name="user.dir" value="/workspaces/effective-scala/todo/todo"/><property name="os.arch" value="amd64"/><property name="java.vm.info" value="mixed mode, sharing"/><property name="java.vm.version" value="17.0.7+7"/><property name="java.class.version" value="61.0"/>
    </properties>
          <testcase classname="todo.TodoSuite" name="Created tasks can be read" time="0.374">
                      
                    </testcase><testcase classname="todo.TodoSuite" name="Updated tasks can be read" time="0.002">
                      
                    </testcase><testcase classname="todo.TodoSuite" name="Deleted tasks are no longer read" time="0.018">
                      
                    </testcase><testcase classname="todo.TodoSuite" name="Tasks returns all inserted tasks in insertion order" time="0.051">
                      
                    </testcase><testcase classname="todo.TodoSuite" name="Tasks(tag) returns only tasks with given tag" time="0.017">
                      
                    </testcase><testcase classname="todo.TodoSuite" name="complete changes state to completed, if task is not already completed" time="0.012">
                      
                    </testcase><testcase classname="todo.TodoSuite" name="tags returns all tags" time="0.117">
                      
                    </testcase><testcase classname="todo.TodoSuite" name="Created tasks can be read-1" time="1.798">
                      
                    </testcase><testcase classname="todo.TodoSuite" name="Updated tasks can be read-1" time="0.105">
                      
                    </testcase><testcase classname="todo.TodoSuite" name="Deleted tasks are no longer read-1" time="0.123">
                      
                    </testcase><testcase classname="todo.TodoSuite" name="Tasks returns all inserted tasks in insertion order-1" time="0.118">
                      
                    </testcase><testcase classname="todo.TodoSuite" name="Tasks(tag) returns only tasks with given tag-1" time="0.128">
                      
                    </testcase><testcase classname="todo.TodoSuite" name="complete changes state to completed, if task is not already completed-1" time="0.14">
                      
                    </testcase><testcase classname="todo.TodoSuite" name="tags returns all tags-1" time="0.145">
                      
                    </testcase>
          <system-out><![CDATA[]]></system-out>
          <system-err><![CDATA[]]></system-err>
        </testsuite>